<?xml version="1.0" encoding="UTF-8"?>
<coverage generated="1555227724864" clover="3.2.0">
  <project timestamp="1555227724864" name="All files">
    <metrics statements="34" coveredstatements="29" conditionals="8" coveredconditionals="7" methods="8" coveredmethods="5" elements="50" coveredelements="41" complexity="0" loc="34" ncloc="34" packages="4" files="4" classes="4">
      <package name="Sprint-Challenge--Testing">
        <metrics statements="1" coveredstatements="1" conditionals="0" coveredconditionals="0" methods="0" coveredmethods="0"/>
        <file name="knexfile.js" path="/Users/ticothep/Lambda-projects/sprint-challenges/Sprint-Challenge--Testing/knexfile.js">
          <metrics statements="1" coveredstatements="1" conditionals="0" coveredconditionals="0" methods="0" coveredmethods="0"/>
          <line num="1" count="2" type="stmt"/>
        </file>
      </package>
      <package name="Sprint-Challenge--Testing.api">
        <metrics statements="21" coveredstatements="19" conditionals="6" coveredconditionals="5" methods="3" coveredmethods="3"/>
        <file name="server.js" path="/Users/ticothep/Lambda-projects/sprint-challenges/Sprint-Challenge--Testing/api/server.js">
          <metrics statements="21" coveredstatements="19" conditionals="6" coveredconditionals="5" methods="3" coveredmethods="3"/>
          <line num="1" count="1" type="stmt"/>
          <line num="3" count="1" type="stmt"/>
          <line num="5" count="1" type="stmt"/>
          <line num="7" count="1" type="stmt"/>
          <line num="9" count="1" type="stmt"/>
          <line num="10" count="3" type="stmt"/>
          <line num="13" count="1" type="stmt"/>
          <line num="14" count="4" type="stmt"/>
          <line num="15" count="4" type="stmt"/>
          <line num="17" count="4" type="cond" truecount="1" falsecount="1"/>
          <line num="18" count="4" type="stmt"/>
          <line num="20" count="0" type="stmt"/>
          <line num="24" count="1" type="stmt"/>
          <line num="25" count="5" type="stmt"/>
          <line num="27" count="5" type="cond" truecount="4" falsecount="0"/>
          <line num="28" count="1" type="stmt"/>
          <line num="29" count="1" type="stmt"/>
          <line num="31" count="1" type="stmt"/>
          <line num="33" count="0" type="stmt"/>
          <line num="36" count="4" type="stmt"/>
          <line num="40" count="1" type="stmt"/>
        </file>
      </package>
      <package name="Sprint-Challenge--Testing.data">
        <metrics statements="4" coveredstatements="4" conditionals="2" coveredconditionals="2" methods="0" coveredmethods="0"/>
        <file name="dbConfig.js" path="/Users/ticothep/Lambda-projects/sprint-challenges/Sprint-Challenge--Testing/data/dbConfig.js">
          <metrics statements="4" coveredstatements="4" conditionals="2" coveredconditionals="2" methods="0" coveredmethods="0"/>
          <line num="1" count="2" type="stmt"/>
          <line num="2" count="2" type="stmt"/>
          <line num="4" count="2" type="cond" truecount="2" falsecount="0"/>
          <line num="6" count="2" type="stmt"/>
        </file>
      </package>
      <package name="Sprint-Challenge--Testing.games">
        <metrics statements="8" coveredstatements="5" conditionals="0" coveredconditionals="0" methods="5" coveredmethods="2"/>
        <file name="gamesModel.js" path="/Users/ticothep/Lambda-projects/sprint-challenges/Sprint-Challenge--Testing/games/gamesModel.js">
          <metrics statements="8" coveredstatements="5" conditionals="0" coveredconditionals="0" methods="5" coveredmethods="2"/>
          <line num="1" count="2" type="stmt"/>
          <line num="3" count="2" type="stmt"/>
          <line num="12" count="4" type="stmt"/>
          <line num="14" count="4" type="stmt"/>
          <line num="20" count="0" type="stmt"/>
          <line num="24" count="0" type="stmt"/>
          <line num="28" count="4" type="stmt"/>
          <line num="32" count="0" type="stmt"/>
        </file>
      </package>
    </metrics>
  </project>
</coverage>
