{"/Users/ticothep/Lambda-projects/sprint-challenges/Sprint-Challenge--Testing/knexfile.js": {"path":"/Users/ticothep/Lambda-projects/sprint-challenges/Sprint-Challenge--Testing/knexfile.js","statementMap":{"0":{"start":{"line":1,"column":0},"end":{"line":28,"column":2}}},"fnMap":{},"branchMap":{},"s":{"0":2},"f":{},"b":{},"_coverageSchema":"332fd63041d2c1bcb487cc26dd0d5f7d97098a6c","hash":"9ee44e40151db4bb7d11b3b1ebe89acb764e7ae0"}
,"/Users/ticothep/Lambda-projects/sprint-challenges/Sprint-Challenge--Testing/api/server.js": {"path":"/Users/ticothep/Lambda-projects/sprint-challenges/Sprint-Challenge--Testing/api/server.js","statementMap":{"0":{"start":{"line":1,"column":16},"end":{"line":1,"column":34}},"1":{"start":{"line":3,"column":14},"end":{"line":3,"column":47}},"2":{"start":{"line":5,"column":15},"end":{"line":5,"column":24}},"3":{"start":{"line":7,"column":0},"end":{"line":7,"column":27}},"4":{"start":{"line":9,"column":0},"end":{"line":11,"column":3}},"5":{"start":{"line":10,"column":2},"end":{"line":10,"column":52}},"6":{"start":{"line":13,"column":0},"end":{"line":22,"column":3}},"7":{"start":{"line":14,"column":17},"end":{"line":14,"column":37}},"8":{"start":{"line":15,"column":18},"end":{"line":15,"column":20}},"9":{"start":{"line":17,"column":4},"end":{"line":21,"column":5}},"10":{"start":{"line":18,"column":8},"end":{"line":18,"column":36}},"11":{"start":{"line":20,"column":8},"end":{"line":20,"column":35}},"12":{"start":{"line":24,"column":0},"end":{"line":38,"column":3}},"13":{"start":{"line":25,"column":27},"end":{"line":25,"column":35}},"14":{"start":{"line":27,"column":4},"end":{"line":37,"column":5}},"15":{"start":{"line":28,"column":8},"end":{"line":34,"column":9}},"16":{"start":{"line":29,"column":24},"end":{"line":29,"column":52}},"17":{"start":{"line":31,"column":12},"end":{"line":31,"column":38}},"18":{"start":{"line":33,"column":12},"end":{"line":33,"column":44}},"19":{"start":{"line":36,"column":8},"end":{"line":36,"column":99}},"20":{"start":{"line":40,"column":0},"end":{"line":40,"column":24}}},"fnMap":{"0":{"name":"(anonymous_0)","decl":{"start":{"line":9,"column":16},"end":{"line":9,"column":17}},"loc":{"start":{"line":9,"column":36},"end":{"line":11,"column":1}},"line":9},"1":{"name":"(anonymous_1)","decl":{"start":{"line":13,"column":21},"end":{"line":13,"column":22}},"loc":{"start":{"line":13,"column":41},"end":{"line":22,"column":1}},"line":13},"2":{"name":"(anonymous_2)","decl":{"start":{"line":24,"column":22},"end":{"line":24,"column":23}},"loc":{"start":{"line":24,"column":42},"end":{"line":38,"column":1}},"line":24}},"branchMap":{"0":{"loc":{"start":{"line":17,"column":4},"end":{"line":21,"column":5}},"type":"if","locations":[{"start":{"line":17,"column":4},"end":{"line":21,"column":5}},{"start":{"line":17,"column":4},"end":{"line":21,"column":5}}],"line":17},"1":{"loc":{"start":{"line":27,"column":4},"end":{"line":37,"column":5}},"type":"if","locations":[{"start":{"line":27,"column":4},"end":{"line":37,"column":5}},{"start":{"line":27,"column":4},"end":{"line":37,"column":5}}],"line":27},"2":{"loc":{"start":{"line":27,"column":8},"end":{"line":27,"column":22}},"type":"binary-expr","locations":[{"start":{"line":27,"column":8},"end":{"line":27,"column":13}},{"start":{"line":27,"column":17},"end":{"line":27,"column":22}}],"line":27}},"s":{"0":1,"1":1,"2":1,"3":1,"4":1,"5":3,"6":1,"7":3,"8":3,"9":3,"10":0,"11":3,"12":1,"13":4,"14":4,"15":0,"16":0,"17":0,"18":0,"19":4,"20":1},"f":{"0":3,"1":3,"2":4},"b":{"0":[0,3],"1":[0,4],"2":[4,0]},"_coverageSchema":"332fd63041d2c1bcb487cc26dd0d5f7d97098a6c","hash":"54bc26092079c992cdb9f1b99c37160728e1bec5"}
,"/Users/ticothep/Lambda-projects/sprint-challenges/Sprint-Challenge--Testing/data/dbConfig.js": {"path":"/Users/ticothep/Lambda-projects/sprint-challenges/Sprint-Challenge--Testing/data/dbConfig.js","statementMap":{"0":{"start":{"line":1,"column":13},"end":{"line":1,"column":28}},"1":{"start":{"line":2,"column":15},"end":{"line":2,"column":40}},"2":{"start":{"line":4,"column":14},"end":{"line":4,"column":49}},"3":{"start":{"line":6,"column":0},"end":{"line":6,"column":37}}},"fnMap":{},"branchMap":{"0":{"loc":{"start":{"line":4,"column":14},"end":{"line":4,"column":49}},"type":"binary-expr","locations":[{"start":{"line":4,"column":14},"end":{"line":4,"column":32}},{"start":{"line":4,"column":36},"end":{"line":4,"column":49}}],"line":4}},"s":{"0":2,"1":2,"2":2,"3":2},"f":{},"b":{"0":[2,2]},"_coverageSchema":"332fd63041d2c1bcb487cc26dd0d5f7d97098a6c","hash":"a026629ef6b2959d2f2b0c2fe80692190019f96b"}
,"/Users/ticothep/Lambda-projects/sprint-challenges/Sprint-Challenge--Testing/games/gamesModel.js": {"path":"/Users/ticothep/Lambda-projects/sprint-challenges/Sprint-Challenge--Testing/games/gamesModel.js","statementMap":{"0":{"start":{"line":1,"column":11},"end":{"line":1,"column":41}},"1":{"start":{"line":3,"column":0},"end":{"line":9,"column":2}},"2":{"start":{"line":12,"column":15},"end":{"line":12,"column":45}},"3":{"start":{"line":14,"column":2},"end":{"line":16,"column":13}},"4":{"start":{"line":20,"column":2},"end":{"line":20,"column":14}},"5":{"start":{"line":24,"column":2},"end":{"line":24,"column":14}},"6":{"start":{"line":28,"column":2},"end":{"line":28,"column":21}},"7":{"start":{"line":32,"column":4},"end":{"line":34,"column":17}}},"fnMap":{"0":{"name":"insert","decl":{"start":{"line":11,"column":15},"end":{"line":11,"column":21}},"loc":{"start":{"line":11,"column":28},"end":{"line":17,"column":1}},"line":11},"1":{"name":"update","decl":{"start":{"line":19,"column":15},"end":{"line":19,"column":21}},"loc":{"start":{"line":19,"column":35},"end":{"line":21,"column":1}},"line":19},"2":{"name":"remove","decl":{"start":{"line":23,"column":9},"end":{"line":23,"column":15}},"loc":{"start":{"line":23,"column":20},"end":{"line":25,"column":1}},"line":23},"3":{"name":"getAll","decl":{"start":{"line":27,"column":9},"end":{"line":27,"column":15}},"loc":{"start":{"line":27,"column":18},"end":{"line":29,"column":1}},"line":27},"4":{"name":"findById","decl":{"start":{"line":31,"column":9},"end":{"line":31,"column":17}},"loc":{"start":{"line":31,"column":22},"end":{"line":35,"column":1}},"line":31}},"branchMap":{},"s":{"0":2,"1":2,"2":3,"3":3,"4":0,"5":0,"6":3,"7":0},"f":{"0":3,"1":0,"2":0,"3":3,"4":0},"b":{},"_coverageSchema":"332fd63041d2c1bcb487cc26dd0d5f7d97098a6c","hash":"9f70d81a6e4c22ac26dd055bf70c971b1857771c"}
}
