TN:
SF:/Users/ticothep/Lambda-projects/sprint-challenges/Sprint-Challenge--Testing/knexfile.js
FNF:0
FNH:0
DA:1,2
LF:1
LH:1
BRF:0
BRH:0
end_of_record
TN:
SF:/Users/ticothep/Lambda-projects/sprint-challenges/Sprint-Challenge--Testing/api/server.js
FN:9,(anonymous_0)
FN:13,(anonymous_1)
FN:24,(anonymous_2)
FNF:3
FNH:3
FNDA:3,(anonymous_0)
FNDA:3,(anonymous_1)
FNDA:4,(anonymous_2)
DA:1,1
DA:3,1
DA:5,1
DA:7,1
DA:9,1
DA:10,3
DA:13,1
DA:14,3
DA:15,3
DA:17,3
DA:18,0
DA:20,3
DA:24,1
DA:25,4
DA:27,4
DA:28,0
DA:29,0
DA:31,0
DA:33,0
DA:36,4
DA:40,1
LF:21
LH:16
BRDA:17,0,0,0
BRDA:17,0,1,3
BRDA:27,1,0,0
BRDA:27,1,1,4
BRDA:27,2,0,4
BRDA:27,2,1,0
BRF:6
BRH:3
end_of_record
TN:
SF:/Users/ticothep/Lambda-projects/sprint-challenges/Sprint-Challenge--Testing/data/dbConfig.js
FNF:0
FNH:0
DA:1,2
DA:2,2
DA:4,2
DA:6,2
LF:4
LH:4
BRDA:4,0,0,2
BRDA:4,0,1,2
BRF:2
BRH:2
end_of_record
TN:
SF:/Users/ticothep/Lambda-projects/sprint-challenges/Sprint-Challenge--Testing/games/gamesModel.js
FN:11,insert
FN:19,update
FN:23,remove
FN:27,getAll
FN:31,findById
FNF:5
FNH:2
FNDA:3,insert
FNDA:0,update
FNDA:0,remove
FNDA:3,getAll
FNDA:0,findById
DA:1,2
DA:3,2
DA:12,3
DA:14,3
DA:20,0
DA:24,0
DA:28,3
DA:32,0
LF:8
LH:5
BRF:0
BRH:0
end_of_record
